<?xml version="1.0" encoding="UTF-8"?>
<testng-results skipped="0" failed="0" total="1" passed="1">
  <reporter-output>
  </reporter-output>
  <suite name="Default suite" duration-ms="46713" started-at="2018-11-04T14:20:46Z" finished-at="2018-11-04T14:21:33Z">
    <groups>
    </groups>
    <test name="Default test" duration-ms="46713" started-at="2018-11-04T14:20:46Z" finished-at="2018-11-04T14:21:33Z">
      <class name="Task3">
        <test-method status="PASS" signature="setUp()[pri:0, instance:Task3@7921b0a2]" name="setUp" is-config="true" duration-ms="3700" started-at="2018-11-04T06:20:46Z" finished-at="2018-11-04T06:20:50Z">
          <reporter-output>
          </reporter-output>
        </test-method> <!-- setUp -->
        <test-method status="PASS" signature="test()[pri:0, instance:Task3@7921b0a2]" name="test" duration-ms="41494" started-at="2018-11-04T06:20:50Z" finished-at="2018-11-04T06:21:31Z">
          <reporter-output>
          </reporter-output>
        </test-method> <!-- test -->
        <test-method status="PASS" signature="tearDown()[pri:0, instance:Task3@7921b0a2]" name="tearDown" is-config="true" duration-ms="1502" started-at="2018-11-04T06:21:31Z" finished-at="2018-11-04T06:21:33Z">
          <reporter-output>
          </reporter-output>
        </test-method> <!-- tearDown -->
      </class> <!-- Task3 -->
    </test> <!-- Default test -->
  </suite> <!-- Default suite -->
</testng-results>
